Rasa process starting
Added 'nlp_spacy' to component cache. Key 'nlp_spacy-en'.
/home/minicoder/.local/lib/python3.6/site-packages/rasa_nlu/extractors/entity_synonyms.py:85: UserWarning: Failed to load synonyms file from 'models/nlu/default/current/entity_synonyms.json'
  "".format(entity_synonyms_file))

/home/minicoder/.local/lib/python3.6/site-packages/pykwalify/core.py:99: UnsafeLoaderWarning: 
The default 'Loader' for 'load(stream)' without further arguments can be unsafe.
Use 'load(stream, Loader=ruamel.yaml.Loader)' explicitly if that is OK.
Alternatively include the following in your code:

  import warnings
  warnings.simplefilter('ignore', ruamel.yaml.error.UnsafeLoaderWarning)

In most other cases you should consider using 'safe_load(stream)'
  data = yaml.load(stream)

Available web server routes: 
hello                                              GET, HEAD, OPTIONS             /
list_trackers                                      GET, HEAD, OPTIONS             /conversations
execute_action                                     OPTIONS, POST                  /conversations/[sender_id]/execute
log_message                                        OPTIONS, POST                  /conversations/[sender_id]/messages
predict                                            OPTIONS, POST                  /conversations/[sender_id]/predict
respond                                            GET, POST, OPTIONS, HEAD       /conversations/[sender_id]/respond
retrieve_story                                     GET, HEAD, OPTIONS             /conversations/[sender_id]/story
retrieve_tracker                                   GET, HEAD, OPTIONS             /conversations/[sender_id]/tracker
replace_events                                     OPTIONS, PUT                   /conversations/[sender_id]/tracker/events
get_domain                                         GET, HEAD, OPTIONS             /domain
evaluate_stories                                   OPTIONS, POST                  /evaluate
continue_training                                  OPTIONS, POST                  /finetune
load_model                                         OPTIONS, POST                  /model
tracker_predict                                    OPTIONS, POST                  /predict
static                                             GET, HEAD, OPTIONS             /static/[filename]
status                                             GET, HEAD, OPTIONS             /status
version                                            GET, HEAD, OPTIONS             /version
custom_webhook_CmdlineInput.health                 GET, HEAD, OPTIONS             /webhooks/rest/
custom_webhook_CmdlineInput.receive                OPTIONS, POST                  /webhooks/rest/webhook
Rasa Core server is up and running on http://localhost:5005
Creating a new tracker for id 'default'.
/home/minicoder/.local/lib/python3.6/site-packages/sklearn/preprocessing/label.py:151: DeprecationWarning: The truth value of an empty array is ambiguous. Returning False, but in future this will result in an error. Use `array.size > 0` to check that an array is not empty.
  if diff:

Received user message 'hello' with intent '{'name': 'greet', 'confidence': 0.6155312777185488}' and entities '[]'
Logged UserUtterance - tracker now has 2 events
Current slot values: 
	course: None
Current tracker state [None, {}, {'prev_action_listen': 1.0, 'intent_greet': 1.0}]
There is a memorised next action '21'
Predicted next action using policy_0_MemoizationPolicy
Predicted next action 'utter_wellcome' with prob 1.00.
Action 'utter_wellcome' ended with events '[]'
Bot utterance 'BotUttered(text: hey!!! 
Welcome to Poornima University
 How can i help You ?, data: {
  "elements": null,
  "buttons": null,
  "attachment": null
})'
Current tracker state [{}, {'prev_action_listen': 1.0, 'intent_greet': 1.0}, {'intent_greet': 1.0, 'prev_utter_wellcome': 1.0}]
There is a memorised next action '0'
Predicted next action using policy_0_MemoizationPolicy
Predicted next action 'action_listen' with prob 1.00.
Action 'action_listen' ended with events '[]'
Rasa process starting
Added 'nlp_spacy' to component cache. Key 'nlp_spacy-en'.
/home/minicoder/.local/lib/python3.6/site-packages/rasa_nlu/extractors/entity_synonyms.py:85: UserWarning: Failed to load synonyms file from 'models/nlu/default/current/entity_synonyms.json'
  "".format(entity_synonyms_file))

/home/minicoder/.local/lib/python3.6/site-packages/pykwalify/core.py:99: UnsafeLoaderWarning: 
The default 'Loader' for 'load(stream)' without further arguments can be unsafe.
Use 'load(stream, Loader=ruamel.yaml.Loader)' explicitly if that is OK.
Alternatively include the following in your code:

  import warnings
  warnings.simplefilter('ignore', ruamel.yaml.error.UnsafeLoaderWarning)

In most other cases you should consider using 'safe_load(stream)'
  data = yaml.load(stream)

Available web server routes: 
hello                                              HEAD, GET, OPTIONS             /
list_trackers                                      HEAD, GET, OPTIONS             /conversations
execute_action                                     POST, OPTIONS                  /conversations/[sender_id]/execute
log_message                                        POST, OPTIONS                  /conversations/[sender_id]/messages
predict                                            POST, OPTIONS                  /conversations/[sender_id]/predict
respond                                            HEAD, GET, POST, OPTIONS       /conversations/[sender_id]/respond
retrieve_story                                     HEAD, GET, OPTIONS             /conversations/[sender_id]/story
retrieve_tracker                                   HEAD, GET, OPTIONS             /conversations/[sender_id]/tracker
replace_events                                     PUT, OPTIONS                   /conversations/[sender_id]/tracker/events
get_domain                                         HEAD, GET, OPTIONS             /domain
evaluate_stories                                   POST, OPTIONS                  /evaluate
continue_training                                  POST, OPTIONS                  /finetune
load_model                                         POST, OPTIONS                  /model
tracker_predict                                    POST, OPTIONS                  /predict
static                                             HEAD, GET, OPTIONS             /static/[filename]
status                                             HEAD, GET, OPTIONS             /status
version                                            HEAD, GET, OPTIONS             /version
custom_webhook_CmdlineInput.health                 HEAD, GET, OPTIONS             /webhooks/rest/
custom_webhook_CmdlineInput.receive                POST, OPTIONS                  /webhooks/rest/webhook
Rasa Core server is up and running on http://localhost:5005
Rasa process starting
Added 'nlp_spacy' to component cache. Key 'nlp_spacy-en'.
/home/minicoder/.local/lib/python3.6/site-packages/rasa_nlu/extractors/entity_synonyms.py:85: UserWarning: Failed to load synonyms file from 'models/nlu/default/current/entity_synonyms.json'
  "".format(entity_synonyms_file))

/home/minicoder/.local/lib/python3.6/site-packages/pykwalify/core.py:99: UnsafeLoaderWarning: 
The default 'Loader' for 'load(stream)' without further arguments can be unsafe.
Use 'load(stream, Loader=ruamel.yaml.Loader)' explicitly if that is OK.
Alternatively include the following in your code:

  import warnings
  warnings.simplefilter('ignore', ruamel.yaml.error.UnsafeLoaderWarning)

In most other cases you should consider using 'safe_load(stream)'
  data = yaml.load(stream)

Available web server routes: 
hello                                              OPTIONS, GET, HEAD             /
list_trackers                                      OPTIONS, GET, HEAD             /conversations
execute_action                                     OPTIONS, POST                  /conversations/[sender_id]/execute
log_message                                        OPTIONS, POST                  /conversations/[sender_id]/messages
predict                                            OPTIONS, POST                  /conversations/[sender_id]/predict
respond                                            OPTIONS, POST, GET, HEAD       /conversations/[sender_id]/respond
retrieve_story                                     OPTIONS, GET, HEAD             /conversations/[sender_id]/story
retrieve_tracker                                   OPTIONS, GET, HEAD             /conversations/[sender_id]/tracker
replace_events                                     OPTIONS, PUT                   /conversations/[sender_id]/tracker/events
get_domain                                         OPTIONS, GET, HEAD             /domain
evaluate_stories                                   OPTIONS, POST                  /evaluate
continue_training                                  OPTIONS, POST                  /finetune
load_model                                         OPTIONS, POST                  /model
tracker_predict                                    OPTIONS, POST                  /predict
static                                             OPTIONS, GET, HEAD             /static/[filename]
status                                             OPTIONS, GET, HEAD             /status
version                                            OPTIONS, GET, HEAD             /version
custom_webhook_CmdlineInput.health                 OPTIONS, GET, HEAD             /webhooks/rest/
custom_webhook_CmdlineInput.receive                OPTIONS, POST                  /webhooks/rest/webhook
Rasa Core server is up and running on http://localhost:5005
Creating a new tracker for id 'default'.
/home/minicoder/.local/lib/python3.6/site-packages/sklearn/preprocessing/label.py:151: DeprecationWarning: The truth value of an empty array is ambiguous. Returning False, but in future this will result in an error. Use `array.size > 0` to check that an array is not empty.
  if diff:

Received user message 'hello there' with intent '{'name': 'greet', 'confidence': 0.592452385478471}' and entities '[]'
Logged UserUtterance - tracker now has 2 events
Current slot values: 
	course: None
Current tracker state [None, {}, {'prev_action_listen': 1.0, 'intent_greet': 1.0}]
There is a memorised next action '21'
Predicted next action using policy_0_MemoizationPolicy
Predicted next action 'utter_wellcome' with prob 1.00.
Action 'utter_wellcome' ended with events '[]'
Bot utterance 'BotUttered(text: hey!!! 
Welcome to Poornima University
 How can i help You ?, data: {
  "elements": null,
  "buttons": null,
  "attachment": null
})'
Current tracker state [{}, {'prev_action_listen': 1.0, 'intent_greet': 1.0}, {'prev_utter_wellcome': 1.0, 'intent_greet': 1.0}]
There is a memorised next action '0'
Predicted next action using policy_0_MemoizationPolicy
Predicted next action 'action_listen' with prob 1.00.
Action 'action_listen' ended with events '[]'
Recreating tracker for id 'default'
/home/minicoder/.local/lib/python3.6/site-packages/sklearn/preprocessing/label.py:151: DeprecationWarning: The truth value of an empty array is ambiguous. Returning False, but in future this will result in an error. Use `array.size > 0` to check that an array is not empty.
  if diff:

Received user message 'hello' with intent '{'name': 'greet', 'confidence': 0.6155312777185488}' and entities '[]'
Logged UserUtterance - tracker now has 6 events
Current slot values: 
	course: None
Current tracker state [{'prev_action_listen': 1.0, 'intent_greet': 1.0}, {'prev_utter_wellcome': 1.0, 'intent_greet': 1.0}, {'intent_greet': 1.0, 'prev_action_listen': 1.0}]
There is a memorised next action '21'
Predicted next action using policy_0_MemoizationPolicy
Predicted next action 'utter_wellcome' with prob 1.00.
Action 'utter_wellcome' ended with events '[]'
Bot utterance 'BotUttered(text: hey!!! 
Welcome to Poornima University
 How can i help You ?, data: {
  "elements": null,
  "buttons": null,
  "attachment": null
})'
Current tracker state [{'prev_utter_wellcome': 1.0, 'intent_greet': 1.0}, {'intent_greet': 1.0, 'prev_action_listen': 1.0}, {'prev_utter_wellcome': 1.0, 'intent_greet': 1.0}]
There is a memorised next action '0'
Predicted next action using policy_0_MemoizationPolicy
Predicted next action 'action_listen' with prob 1.00.
Action 'action_listen' ended with events '[]'
Recreating tracker for id 'default'
/home/minicoder/.local/lib/python3.6/site-packages/sklearn/preprocessing/label.py:151: DeprecationWarning: The truth value of an empty array is ambiguous. Returning False, but in future this will result in an error. Use `array.size > 0` to check that an array is not empty.
  if diff:

Received user message 'hello' with intent '{'name': 'greet', 'confidence': 0.6155312777185488}' and entities '[]'
Logged UserUtterance - tracker now has 10 events
Current slot values: 
	course: None
Current tracker state [{'intent_greet': 1.0, 'prev_action_listen': 1.0}, {'prev_utter_wellcome': 1.0, 'intent_greet': 1.0}, {'intent_greet': 1.0, 'prev_action_listen': 1.0}]
There is a memorised next action '21'
Predicted next action using policy_0_MemoizationPolicy
Predicted next action 'utter_wellcome' with prob 1.00.
Action 'utter_wellcome' ended with events '[]'
Bot utterance 'BotUttered(text: hey!!! 
Welcome to Poornima University
 How can i help You ?, data: {
  "elements": null,
  "buttons": null,
  "attachment": null
})'
Current tracker state [{'prev_utter_wellcome': 1.0, 'intent_greet': 1.0}, {'intent_greet': 1.0, 'prev_action_listen': 1.0}, {'prev_utter_wellcome': 1.0, 'intent_greet': 1.0}]
There is a memorised next action '0'
Predicted next action using policy_0_MemoizationPolicy
Predicted next action 'action_listen' with prob 1.00.
Action 'action_listen' ended with events '[]'
Rasa process starting
Added 'nlp_spacy' to component cache. Key 'nlp_spacy-en'.
/home/minicoder/.local/lib/python3.6/site-packages/rasa_nlu/extractors/entity_synonyms.py:85: UserWarning: Failed to load synonyms file from 'models/nlu/default/current/entity_synonyms.json'
  "".format(entity_synonyms_file))

/home/minicoder/.local/lib/python3.6/site-packages/pykwalify/core.py:99: UnsafeLoaderWarning: 
The default 'Loader' for 'load(stream)' without further arguments can be unsafe.
Use 'load(stream, Loader=ruamel.yaml.Loader)' explicitly if that is OK.
Alternatively include the following in your code:

  import warnings
  warnings.simplefilter('ignore', ruamel.yaml.error.UnsafeLoaderWarning)

In most other cases you should consider using 'safe_load(stream)'
  data = yaml.load(stream)

Available web server routes: 
hello                                              OPTIONS, HEAD, GET             /
list_trackers                                      OPTIONS, HEAD, GET             /conversations
execute_action                                     OPTIONS, POST                  /conversations/[sender_id]/execute
log_message                                        OPTIONS, POST                  /conversations/[sender_id]/messages
predict                                            OPTIONS, POST                  /conversations/[sender_id]/predict
respond                                            OPTIONS, HEAD, POST, GET       /conversations/[sender_id]/respond
retrieve_story                                     OPTIONS, HEAD, GET             /conversations/[sender_id]/story
retrieve_tracker                                   OPTIONS, HEAD, GET             /conversations/[sender_id]/tracker
replace_events                                     OPTIONS, PUT                   /conversations/[sender_id]/tracker/events
get_domain                                         OPTIONS, HEAD, GET             /domain
evaluate_stories                                   OPTIONS, POST                  /evaluate
continue_training                                  OPTIONS, POST                  /finetune
load_model                                         OPTIONS, POST                  /model
tracker_predict                                    OPTIONS, POST                  /predict
static                                             OPTIONS, HEAD, GET             /static/[filename]
status                                             OPTIONS, HEAD, GET             /status
version                                            OPTIONS, HEAD, GET             /version
custom_webhook_CmdlineInput.health                 OPTIONS, HEAD, GET             /webhooks/rest/
custom_webhook_CmdlineInput.receive                OPTIONS, POST                  /webhooks/rest/webhook
Rasa Core server is up and running on http://localhost:5005
Creating a new tracker for id 'default'.
/home/minicoder/.local/lib/python3.6/site-packages/sklearn/preprocessing/label.py:151: DeprecationWarning: The truth value of an empty array is ambiguous. Returning False, but in future this will result in an error. Use `array.size > 0` to check that an array is not empty.
  if diff:

Received user message 'hello' with intent '{'name': 'greet', 'confidence': 0.6155312777185488}' and entities '[]'
Logged UserUtterance - tracker now has 2 events
Current slot values: 
	course: None
Current tracker state [None, {}, {'prev_action_listen': 1.0, 'intent_greet': 1.0}]
There is a memorised next action '21'
Predicted next action using policy_0_MemoizationPolicy
Predicted next action 'utter_wellcome' with prob 1.00.
Action 'utter_wellcome' ended with events '[]'
Bot utterance 'BotUttered(text: hey!!! 
Welcome to Poornima University
 How can i help You ?, data: {
  "elements": null,
  "buttons": null,
  "attachment": null
})'
Current tracker state [{}, {'prev_action_listen': 1.0, 'intent_greet': 1.0}, {'prev_utter_wellcome': 1.0, 'intent_greet': 1.0}]
There is a memorised next action '0'
Predicted next action using policy_0_MemoizationPolicy
Predicted next action 'action_listen' with prob 1.00.
Action 'action_listen' ended with events '[]'
Recreating tracker for id 'default'
/home/minicoder/.local/lib/python3.6/site-packages/sklearn/preprocessing/label.py:151: DeprecationWarning: The truth value of an empty array is ambiguous. Returning False, but in future this will result in an error. Use `array.size > 0` to check that an array is not empty.
  if diff:

Received user message 'eligibility in bca' with intent '{'name': 'pu_eligibility', 'confidence': 0.594766038317225}' and entities '[{'start': 15, 'end': 18, 'value': 'bca', 'entity': 'course', 'confidence': 0.8936265591328669, 'extractor': 'ner_crf'}]'
Logged UserUtterance - tracker now has 7 events
Current slot values: 
	course: bca
Current tracker state [{'prev_action_listen': 1.0, 'intent_greet': 1.0}, {'prev_utter_wellcome': 1.0, 'intent_greet': 1.0}, {'prev_action_listen': 1.0, 'slot_course_0': 1.0, 'intent_pu_eligibility': 1.0, 'entity_course': 1.0}]
There is a memorised next action '19'
Predicted next action using policy_0_MemoizationPolicy
Predicted next action 'action_eligibility' with prob 1.00.
Encountered an exception while running action 'action_eligibility'. Bot will continue, but the actions events are lost. Make sure to fix the exception in your custom code.
The model predicted the custom action 'action_eligibility' but you didn't configure an endpoint to run this custom action. Please take a look at the docs and set an endpoint configuration. https://rasa.com/docs/core/customactions/
Traceback (most recent call last):
  File "/home/minicoder/.local/lib/python3.6/site-packages/rasa_core/processor.py", line 351, in _run_action
    events = action.run(dispatcher, tracker, self.domain)
  File "/home/minicoder/.local/lib/python3.6/site-packages/rasa_core/actions/action.py", line 321, in run
    "".format(self.name(), DOCS_BASE_URL))
Exception: The model predicted the custom action 'action_eligibility' but you didn't configure an endpoint to run this custom action. Please take a look at the docs and set an endpoint configuration. https://rasa.com/docs/core/customactions/
Action 'action_eligibility' ended with events '[]'
Current tracker state [{'prev_utter_wellcome': 1.0, 'intent_greet': 1.0}, {'prev_action_listen': 1.0, 'slot_course_0': 1.0, 'intent_pu_eligibility': 1.0, 'entity_course': 1.0}, {'prev_action_eligibility': 1.0, 'slot_course_0': 1.0, 'intent_pu_eligibility': 1.0, 'entity_course': 1.0}]
There is a memorised next action '0'
Predicted next action using policy_0_MemoizationPolicy
Predicted next action 'action_listen' with prob 1.00.
Action 'action_listen' ended with events '[]'
Recreating tracker for id 'default'
/home/minicoder/.local/lib/python3.6/site-packages/sklearn/preprocessing/label.py:151: DeprecationWarning: The truth value of an empty array is ambiguous. Returning False, but in future this will result in an error. Use `array.size > 0` to check that an array is not empty.
  if diff:

Received user message 'eligibility in bca' with intent '{'name': 'pu_eligibility', 'confidence': 0.594766038317225}' and entities '[{'start': 15, 'end': 18, 'value': 'bca', 'entity': 'course', 'confidence': 0.8936265591328669, 'extractor': 'ner_crf'}]'
Logged UserUtterance - tracker now has 11 events
Current slot values: 
	course: bca
Current tracker state [{'prev_action_listen': 1.0, 'slot_course_0': 1.0, 'intent_pu_eligibility': 1.0, 'entity_course': 1.0}, {'prev_action_eligibility': 1.0, 'slot_course_0': 1.0, 'intent_pu_eligibility': 1.0, 'entity_course': 1.0}, {'prev_action_listen': 1.0, 'slot_course_0': 1.0, 'intent_pu_eligibility': 1.0, 'entity_course': 1.0}]
There is a memorised next action '19'
Predicted next action using policy_0_MemoizationPolicy
Predicted next action 'action_eligibility' with prob 1.00.
Encountered an exception while running action 'action_eligibility'. Bot will continue, but the actions events are lost. Make sure to fix the exception in your custom code.
The model predicted the custom action 'action_eligibility' but you didn't configure an endpoint to run this custom action. Please take a look at the docs and set an endpoint configuration. https://rasa.com/docs/core/customactions/
Traceback (most recent call last):
  File "/home/minicoder/.local/lib/python3.6/site-packages/rasa_core/processor.py", line 351, in _run_action
    events = action.run(dispatcher, tracker, self.domain)
  File "/home/minicoder/.local/lib/python3.6/site-packages/rasa_core/actions/action.py", line 321, in run
    "".format(self.name(), DOCS_BASE_URL))
Exception: The model predicted the custom action 'action_eligibility' but you didn't configure an endpoint to run this custom action. Please take a look at the docs and set an endpoint configuration. https://rasa.com/docs/core/customactions/
Action 'action_eligibility' ended with events '[]'
Current tracker state [{'prev_action_eligibility': 1.0, 'slot_course_0': 1.0, 'intent_pu_eligibility': 1.0, 'entity_course': 1.0}, {'prev_action_listen': 1.0, 'slot_course_0': 1.0, 'intent_pu_eligibility': 1.0, 'entity_course': 1.0}, {'prev_action_eligibility': 1.0, 'slot_course_0': 1.0, 'intent_pu_eligibility': 1.0, 'entity_course': 1.0}]
There is a memorised next action '0'
Predicted next action using policy_0_MemoizationPolicy
Predicted next action 'action_listen' with prob 1.00.
Action 'action_listen' ended with events '[]'
Rasa process starting
Rasa process starting
Rasa process starting
Rasa process starting
Added 'nlp_spacy' to component cache. Key 'nlp_spacy-en'.
/home/minicoder/.local/lib/python3.6/site-packages/rasa_nlu/extractors/entity_synonyms.py:85: UserWarning: Failed to load synonyms file from 'models/nlu/default/current/entity_synonyms.json'
  "".format(entity_synonyms_file))

/home/minicoder/.local/lib/python3.6/site-packages/pykwalify/core.py:99: UnsafeLoaderWarning: 
The default 'Loader' for 'load(stream)' without further arguments can be unsafe.
Use 'load(stream, Loader=ruamel.yaml.Loader)' explicitly if that is OK.
Alternatively include the following in your code:

  import warnings
  warnings.simplefilter('ignore', ruamel.yaml.error.UnsafeLoaderWarning)

In most other cases you should consider using 'safe_load(stream)'
  data = yaml.load(stream)

Available web server routes: 
hello                                              OPTIONS, GET, HEAD             /
list_trackers                                      OPTIONS, GET, HEAD             /conversations
execute_action                                     OPTIONS, POST                  /conversations/[sender_id]/execute
log_message                                        OPTIONS, POST                  /conversations/[sender_id]/messages
predict                                            OPTIONS, POST                  /conversations/[sender_id]/predict
respond                                            OPTIONS, POST, GET, HEAD       /conversations/[sender_id]/respond
retrieve_story                                     OPTIONS, GET, HEAD             /conversations/[sender_id]/story
retrieve_tracker                                   OPTIONS, GET, HEAD             /conversations/[sender_id]/tracker
replace_events                                     OPTIONS, PUT                   /conversations/[sender_id]/tracker/events
get_domain                                         OPTIONS, GET, HEAD             /domain
evaluate_stories                                   OPTIONS, POST                  /evaluate
continue_training                                  OPTIONS, POST                  /finetune
load_model                                         OPTIONS, POST                  /model
tracker_predict                                    OPTIONS, POST                  /predict
static                                             OPTIONS, GET, HEAD             /static/[filename]
status                                             OPTIONS, GET, HEAD             /status
version                                            OPTIONS, GET, HEAD             /version
custom_webhook_CmdlineInput.health                 OPTIONS, GET, HEAD             /webhooks/rest/
custom_webhook_CmdlineInput.receive                OPTIONS, POST                  /webhooks/rest/webhook
Rasa Core server is up and running on http://localhost:5005
Creating a new tracker for id 'default'.
/home/minicoder/.local/lib/python3.6/site-packages/sklearn/preprocessing/label.py:151: DeprecationWarning: The truth value of an empty array is ambiguous. Returning False, but in future this will result in an error. Use `array.size > 0` to check that an array is not empty.
  if diff:

Received user message 'eligibility in bca' with intent '{'name': 'pu_eligibility', 'confidence': 0.594766038317225}' and entities '[{'start': 15, 'end': 18, 'value': 'bca', 'entity': 'course', 'confidence': 0.8936265591328669, 'extractor': 'ner_crf'}]'
Logged UserUtterance - tracker now has 3 events
Current slot values: 
	course: bca
Current tracker state [None, {}, {'slot_course_0': 1.0, 'prev_action_listen': 1.0, 'entity_course': 1.0, 'intent_pu_eligibility': 1.0}]
There is a memorised next action '19'
Predicted next action using policy_0_MemoizationPolicy
Predicted next action 'action_eligibility' with prob 1.00.
Calling action endpoint to run action 'action_eligibility'.
Action 'action_eligibility' ended with events '[]'
Bot utterance 'BotUttered(text: 10+2 (any stream) of CBSE / equivalent board., data: {
  "elements": null,
  "buttons": null,
  "attachment": null
})'
Current tracker state [{}, {'slot_course_0': 1.0, 'prev_action_listen': 1.0, 'entity_course': 1.0, 'intent_pu_eligibility': 1.0}, {'slot_course_0': 1.0, 'entity_course': 1.0, 'intent_pu_eligibility': 1.0, 'prev_action_eligibility': 1.0}]
There is a memorised next action '0'
Predicted next action using policy_0_MemoizationPolicy
Predicted next action 'action_listen' with prob 1.00.
Action 'action_listen' ended with events '[]'
Recreating tracker for id 'default'
/home/minicoder/.local/lib/python3.6/site-packages/sklearn/preprocessing/label.py:151: DeprecationWarning: The truth value of an empty array is ambiguous. Returning False, but in future this will result in an error. Use `array.size > 0` to check that an array is not empty.
  if diff:

Received user message 'eligibility in bca' with intent '{'name': 'pu_eligibility', 'confidence': 0.594766038317225}' and entities '[{'start': 15, 'end': 18, 'value': 'bca', 'entity': 'course', 'confidence': 0.8936265591328669, 'extractor': 'ner_crf'}]'
Logged UserUtterance - tracker now has 8 events
Current slot values: 
	course: bca
Current tracker state [{'slot_course_0': 1.0, 'prev_action_listen': 1.0, 'entity_course': 1.0, 'intent_pu_eligibility': 1.0}, {'slot_course_0': 1.0, 'entity_course': 1.0, 'intent_pu_eligibility': 1.0, 'prev_action_eligibility': 1.0}, {'slot_course_0': 1.0, 'prev_action_listen': 1.0, 'entity_course': 1.0, 'intent_pu_eligibility': 1.0}]
There is a memorised next action '19'
Predicted next action using policy_0_MemoizationPolicy
Predicted next action 'action_eligibility' with prob 1.00.
Calling action endpoint to run action 'action_eligibility'.
Action 'action_eligibility' ended with events '[]'
Bot utterance 'BotUttered(text: 10+2 (any stream) of CBSE / equivalent board., data: {
  "elements": null,
  "buttons": null,
  "attachment": null
})'
Current tracker state [{'slot_course_0': 1.0, 'entity_course': 1.0, 'intent_pu_eligibility': 1.0, 'prev_action_eligibility': 1.0}, {'slot_course_0': 1.0, 'prev_action_listen': 1.0, 'entity_course': 1.0, 'intent_pu_eligibility': 1.0}, {'slot_course_0': 1.0, 'entity_course': 1.0, 'intent_pu_eligibility': 1.0, 'prev_action_eligibility': 1.0}]
There is a memorised next action '0'
Predicted next action using policy_0_MemoizationPolicy
Predicted next action 'action_listen' with prob 1.00.
Action 'action_listen' ended with events '[]'
Recreating tracker for id 'default'
/home/minicoder/.local/lib/python3.6/site-packages/sklearn/preprocessing/label.py:151: DeprecationWarning: The truth value of an empty array is ambiguous. Returning False, but in future this will result in an error. Use `array.size > 0` to check that an array is not empty.
  if diff:

Received user message 'hello' with intent '{'name': 'greet', 'confidence': 0.6155312777185488}' and entities '[]'
Logged UserUtterance - tracker now has 12 events
Current slot values: 
	course: bca
Current tracker state [{'slot_course_0': 1.0, 'prev_action_listen': 1.0, 'entity_course': 1.0, 'intent_pu_eligibility': 1.0}, {'slot_course_0': 1.0, 'entity_course': 1.0, 'intent_pu_eligibility': 1.0, 'prev_action_eligibility': 1.0}, {'slot_course_0': 1.0, 'prev_action_listen': 1.0, 'intent_greet': 1.0}]
There is a memorised next action '21'
Predicted next action using policy_0_MemoizationPolicy
Predicted next action 'utter_wellcome' with prob 1.00.
Action 'utter_wellcome' ended with events '[]'
Bot utterance 'BotUttered(text: hey!!! 
Welcome to Poornima University
 How can i help You ?, data: {
  "elements": null,
  "buttons": null,
  "attachment": null
})'
Current tracker state [{'slot_course_0': 1.0, 'entity_course': 1.0, 'intent_pu_eligibility': 1.0, 'prev_action_eligibility': 1.0}, {'slot_course_0': 1.0, 'prev_action_listen': 1.0, 'intent_greet': 1.0}, {'slot_course_0': 1.0, 'prev_utter_wellcome': 1.0, 'intent_greet': 1.0}]
There is a memorised next action '0'
Predicted next action using policy_0_MemoizationPolicy
Predicted next action 'action_listen' with prob 1.00.
Action 'action_listen' ended with events '[]'
Recreating tracker for id 'default'
/home/minicoder/.local/lib/python3.6/site-packages/sklearn/preprocessing/label.py:151: DeprecationWarning: The truth value of an empty array is ambiguous. Returning False, but in future this will result in an error. Use `array.size > 0` to check that an array is not empty.
  if diff:

Received user message 'location of poornima' with intent '{'name': 'pu_location', 'confidence': 0.3559630215284965}' and entities '[]'
Logged UserUtterance - tracker now has 16 events
Current slot values: 
	course: bca
Current tracker state [{'slot_course_0': 1.0, 'prev_action_listen': 1.0, 'intent_greet': 1.0}, {'slot_course_0': 1.0, 'prev_utter_wellcome': 1.0, 'intent_greet': 1.0}, {'slot_course_0': 1.0, 'prev_action_listen': 1.0, 'intent_pu_location': 1.0}]
There is a memorised next action '13'
Predicted next action using policy_0_MemoizationPolicy
Predicted next action 'utter_pu_location' with prob 1.00.
Action 'utter_pu_location' ended with events '[]'
Bot utterance 'BotUttered(text: Poornima University is located at :Plot No. IS-2027 to 2031, Ramchandrapura,    Sitapura Extension, Jaipur.  Sitapura is better known as the educational hub    of Jaipur with large no of education institutions and students.  It is within    20 minutes drive from the heart of Jaipur city.   
, data: {
  "elements": null,
  "buttons": null,
  "attachment": null
})'
Current tracker state [{'slot_course_0': 1.0, 'prev_utter_wellcome': 1.0, 'intent_greet': 1.0}, {'slot_course_0': 1.0, 'prev_action_listen': 1.0, 'intent_pu_location': 1.0}, {'slot_course_0': 1.0, 'intent_pu_location': 1.0, 'prev_utter_pu_location': 1.0}]
There is a memorised next action '0'
Predicted next action using policy_0_MemoizationPolicy
Predicted next action 'action_listen' with prob 1.00.
Action 'action_listen' ended with events '[]'
Rasa process starting
Added 'nlp_spacy' to component cache. Key 'nlp_spacy-en'.
/home/minicoder/.local/lib/python3.6/site-packages/rasa_nlu/extractors/entity_synonyms.py:85: UserWarning: Failed to load synonyms file from 'models/nlu/default/current/entity_synonyms.json'
  "".format(entity_synonyms_file))

/home/minicoder/.local/lib/python3.6/site-packages/pykwalify/core.py:99: UnsafeLoaderWarning: 
The default 'Loader' for 'load(stream)' without further arguments can be unsafe.
Use 'load(stream, Loader=ruamel.yaml.Loader)' explicitly if that is OK.
Alternatively include the following in your code:

  import warnings
  warnings.simplefilter('ignore', ruamel.yaml.error.UnsafeLoaderWarning)

In most other cases you should consider using 'safe_load(stream)'
  data = yaml.load(stream)

Available web server routes: 
hello                                              OPTIONS, HEAD, GET             /
list_trackers                                      OPTIONS, HEAD, GET             /conversations
execute_action                                     OPTIONS, POST                  /conversations/[sender_id]/execute
log_message                                        OPTIONS, POST                  /conversations/[sender_id]/messages
predict                                            OPTIONS, POST                  /conversations/[sender_id]/predict
respond                                            OPTIONS, HEAD, POST, GET       /conversations/[sender_id]/respond
retrieve_story                                     OPTIONS, HEAD, GET             /conversations/[sender_id]/story
retrieve_tracker                                   OPTIONS, HEAD, GET             /conversations/[sender_id]/tracker
replace_events                                     OPTIONS, PUT                   /conversations/[sender_id]/tracker/events
get_domain                                         OPTIONS, HEAD, GET             /domain
evaluate_stories                                   OPTIONS, POST                  /evaluate
continue_training                                  OPTIONS, POST                  /finetune
load_model                                         OPTIONS, POST                  /model
tracker_predict                                    OPTIONS, POST                  /predict
static                                             OPTIONS, HEAD, GET             /static/[filename]
status                                             OPTIONS, HEAD, GET             /status
version                                            OPTIONS, HEAD, GET             /version
custom_webhook_CmdlineInput.health                 OPTIONS, HEAD, GET             /webhooks/rest/
custom_webhook_CmdlineInput.receive                OPTIONS, POST                  /webhooks/rest/webhook
Rasa Core server is up and running on http://localhost:5005
Rasa process starting
Added 'nlp_spacy' to component cache. Key 'nlp_spacy-en'.
/home/minicoder/.local/lib/python3.6/site-packages/rasa_nlu/extractors/entity_synonyms.py:85: UserWarning: Failed to load synonyms file from 'models/nlu/default/current/entity_synonyms.json'
  "".format(entity_synonyms_file))

/home/minicoder/.local/lib/python3.6/site-packages/pykwalify/core.py:99: UnsafeLoaderWarning: 
The default 'Loader' for 'load(stream)' without further arguments can be unsafe.
Use 'load(stream, Loader=ruamel.yaml.Loader)' explicitly if that is OK.
Alternatively include the following in your code:

  import warnings
  warnings.simplefilter('ignore', ruamel.yaml.error.UnsafeLoaderWarning)

In most other cases you should consider using 'safe_load(stream)'
  data = yaml.load(stream)

Available web server routes: 
hello                                              GET, HEAD, OPTIONS             /
list_trackers                                      GET, HEAD, OPTIONS             /conversations
execute_action                                     POST, OPTIONS                  /conversations/[sender_id]/execute
log_message                                        POST, OPTIONS                  /conversations/[sender_id]/messages
predict                                            POST, OPTIONS                  /conversations/[sender_id]/predict
respond                                            GET, HEAD, POST, OPTIONS       /conversations/[sender_id]/respond
retrieve_story                                     GET, HEAD, OPTIONS             /conversations/[sender_id]/story
retrieve_tracker                                   GET, HEAD, OPTIONS             /conversations/[sender_id]/tracker
replace_events                                     PUT, OPTIONS                   /conversations/[sender_id]/tracker/events
get_domain                                         GET, HEAD, OPTIONS             /domain
evaluate_stories                                   POST, OPTIONS                  /evaluate
continue_training                                  POST, OPTIONS                  /finetune
load_model                                         POST, OPTIONS                  /model
tracker_predict                                    POST, OPTIONS                  /predict
static                                             GET, HEAD, OPTIONS             /static/[filename]
status                                             GET, HEAD, OPTIONS             /status
version                                            GET, HEAD, OPTIONS             /version
custom_webhook_CmdlineInput.health                 GET, HEAD, OPTIONS             /webhooks/rest/
custom_webhook_CmdlineInput.receive                POST, OPTIONS                  /webhooks/rest/webhook
Rasa Core server is up and running on http://localhost:5005
Rasa process starting
Added 'nlp_spacy' to component cache. Key 'nlp_spacy-en'.
/home/minicoder/.local/lib/python3.6/site-packages/rasa_nlu/extractors/entity_synonyms.py:85: UserWarning: Failed to load synonyms file from 'models/nlu/default/current/entity_synonyms.json'
  "".format(entity_synonyms_file))

/home/minicoder/.local/lib/python3.6/site-packages/pykwalify/core.py:99: UnsafeLoaderWarning: 
The default 'Loader' for 'load(stream)' without further arguments can be unsafe.
Use 'load(stream, Loader=ruamel.yaml.Loader)' explicitly if that is OK.
Alternatively include the following in your code:

  import warnings
  warnings.simplefilter('ignore', ruamel.yaml.error.UnsafeLoaderWarning)

In most other cases you should consider using 'safe_load(stream)'
  data = yaml.load(stream)

Available web server routes: 
hello                                              OPTIONS, HEAD, GET             /
list_trackers                                      OPTIONS, HEAD, GET             /conversations
execute_action                                     POST, OPTIONS                  /conversations/[sender_id]/execute
log_message                                        POST, OPTIONS                  /conversations/[sender_id]/messages
predict                                            POST, OPTIONS                  /conversations/[sender_id]/predict
respond                                            POST, OPTIONS, HEAD, GET       /conversations/[sender_id]/respond
retrieve_story                                     OPTIONS, HEAD, GET             /conversations/[sender_id]/story
retrieve_tracker                                   OPTIONS, HEAD, GET             /conversations/[sender_id]/tracker
replace_events                                     OPTIONS, PUT                   /conversations/[sender_id]/tracker/events
get_domain                                         OPTIONS, HEAD, GET             /domain
evaluate_stories                                   POST, OPTIONS                  /evaluate
continue_training                                  POST, OPTIONS                  /finetune
load_model                                         POST, OPTIONS                  /model
tracker_predict                                    POST, OPTIONS                  /predict
static                                             OPTIONS, HEAD, GET             /static/[filename]
status                                             OPTIONS, HEAD, GET             /status
version                                            OPTIONS, HEAD, GET             /version
custom_webhook_CmdlineInput.health                 OPTIONS, HEAD, GET             /webhooks/rest/
custom_webhook_CmdlineInput.receive                POST, OPTIONS                  /webhooks/rest/webhook
Rasa Core server is up and running on http://localhost:5005
Rasa process starting
Added 'nlp_spacy' to component cache. Key 'nlp_spacy-en'.
/home/minicoder/.local/lib/python3.6/site-packages/rasa_nlu/extractors/entity_synonyms.py:85: UserWarning: Failed to load synonyms file from 'models/nlu/default/current/entity_synonyms.json'
  "".format(entity_synonyms_file))

/home/minicoder/.local/lib/python3.6/site-packages/pykwalify/core.py:99: UnsafeLoaderWarning: 
The default 'Loader' for 'load(stream)' without further arguments can be unsafe.
Use 'load(stream, Loader=ruamel.yaml.Loader)' explicitly if that is OK.
Alternatively include the following in your code:

  import warnings
  warnings.simplefilter('ignore', ruamel.yaml.error.UnsafeLoaderWarning)

In most other cases you should consider using 'safe_load(stream)'
  data = yaml.load(stream)

Available web server routes: 
hello                                              OPTIONS, HEAD, GET             /
list_trackers                                      OPTIONS, HEAD, GET             /conversations
execute_action                                     OPTIONS, POST                  /conversations/[sender_id]/execute
log_message                                        OPTIONS, POST                  /conversations/[sender_id]/messages
predict                                            OPTIONS, POST                  /conversations/[sender_id]/predict
respond                                            OPTIONS, GET, HEAD, POST       /conversations/[sender_id]/respond
retrieve_story                                     OPTIONS, HEAD, GET             /conversations/[sender_id]/story
retrieve_tracker                                   OPTIONS, HEAD, GET             /conversations/[sender_id]/tracker
replace_events                                     OPTIONS, PUT                   /conversations/[sender_id]/tracker/events
get_domain                                         OPTIONS, HEAD, GET             /domain
evaluate_stories                                   OPTIONS, POST                  /evaluate
continue_training                                  OPTIONS, POST                  /finetune
load_model                                         OPTIONS, POST                  /model
tracker_predict                                    OPTIONS, POST                  /predict
static                                             OPTIONS, HEAD, GET             /static/[filename]
status                                             OPTIONS, HEAD, GET             /status
version                                            OPTIONS, HEAD, GET             /version
custom_webhook_CmdlineInput.health                 OPTIONS, HEAD, GET             /webhooks/rest/
custom_webhook_CmdlineInput.receive                OPTIONS, POST                  /webhooks/rest/webhook
Rasa Core server is up and running on http://localhost:5005
Rasa process starting
Added 'nlp_spacy' to component cache. Key 'nlp_spacy-en'.
/home/minicoder/.local/lib/python3.6/site-packages/rasa_nlu/extractors/entity_synonyms.py:85: UserWarning: Failed to load synonyms file from 'models/nlu/default/current/entity_synonyms.json'
  "".format(entity_synonyms_file))

/home/minicoder/.local/lib/python3.6/site-packages/pykwalify/core.py:99: UnsafeLoaderWarning: 
The default 'Loader' for 'load(stream)' without further arguments can be unsafe.
Use 'load(stream, Loader=ruamel.yaml.Loader)' explicitly if that is OK.
Alternatively include the following in your code:

  import warnings
  warnings.simplefilter('ignore', ruamel.yaml.error.UnsafeLoaderWarning)

In most other cases you should consider using 'safe_load(stream)'
  data = yaml.load(stream)

Available web server routes: 
hello                                              OPTIONS, HEAD, GET             /
list_trackers                                      OPTIONS, HEAD, GET             /conversations
execute_action                                     OPTIONS, POST                  /conversations/[sender_id]/execute
log_message                                        OPTIONS, POST                  /conversations/[sender_id]/messages
predict                                            OPTIONS, POST                  /conversations/[sender_id]/predict
respond                                            OPTIONS, POST, HEAD, GET       /conversations/[sender_id]/respond
retrieve_story                                     OPTIONS, HEAD, GET             /conversations/[sender_id]/story
retrieve_tracker                                   OPTIONS, HEAD, GET             /conversations/[sender_id]/tracker
replace_events                                     OPTIONS, PUT                   /conversations/[sender_id]/tracker/events
get_domain                                         OPTIONS, HEAD, GET             /domain
evaluate_stories                                   OPTIONS, POST                  /evaluate
continue_training                                  OPTIONS, POST                  /finetune
load_model                                         OPTIONS, POST                  /model
tracker_predict                                    OPTIONS, POST                  /predict
static                                             OPTIONS, HEAD, GET             /static/[filename]
status                                             OPTIONS, HEAD, GET             /status
version                                            OPTIONS, HEAD, GET             /version
custom_webhook_CmdlineInput.health                 OPTIONS, HEAD, GET             /webhooks/rest/
custom_webhook_CmdlineInput.receive                OPTIONS, POST                  /webhooks/rest/webhook
Rasa Core server is up and running on http://localhost:5005
